[1002/171104:ERROR:process_info.cc(608)] range at 0x5403419e00000000, size 0x2cf fully unreadable
[1002/171104:ERROR:process_info.cc(608)] range at 0x5403420000000000, size 0x2cf fully unreadable
[1002/171104:ERROR:process_info.cc(608)] range at 0x0, size 0x2cf fully unreadable
[1002/171104:WARNING:in_range_cast.h(38)] value 3089490973710 out of range
[1002/171104:WARNING:in_range_cast.h(38)] value 3089490976244 out of range
[1002/171104:WARNING:in_range_cast.h(38)] value 3089490973636 out of range
[1002/171104:WARNING:in_range_cast.h(38)] value 3089490972190 out of range
[1002/171104:WARNING:in_range_cast.h(38)] value 3089490972402 out of range
[1002/171104:ERROR:scoped_process_suspend.cc(38)] NtResumeProcess: An attempt was made to access an exiting process.  (0xc000010a)
[1006/151440:ERROR:process_info.cc(608)] range at 0x33d9421c00000000, size 0x226 fully unreadable
[1006/151440:ERROR:process_info.cc(608)] range at 0x33d9428000000000, size 0x226 fully unreadable
[1006/151440:ERROR:process_info.cc(608)] range at 0x0, size 0x226 fully unreadable
[1006/151441:WARNING:in_range_cast.h(38)] value 2363101877262 out of range
[1006/151441:WARNING:in_range_cast.h(38)] value 2363101879796 out of range
[1006/151441:WARNING:in_range_cast.h(38)] value 2363101877188 out of range
[1006/151441:WARNING:in_range_cast.h(38)] value 2363101875742 out of range
[1006/151441:WARNING:in_range_cast.h(38)] value 2363101875952 out of range
[1006/151441:ERROR:process_reader_win.cc(233)] ReadMemory at 0x529e4ef000 of 69632 bytes failed: Only part of a ReadProcessMemory or WriteProcessMemory request was completed. (0x12B)
[1006/151441:ERROR:crash_report_exception_handler.cc(98)] WriteEverything failed
[1006/151441:ERROR:scoped_process_suspend.cc(38)] NtResumeProcess: An attempt was made to access an exiting process.  (0xc000010a)
